build/app/intermediates/manifest_merge_blame_file/release/manifest-merger-blame-release-report.txt
1<?xml version="1.0" encoding="utf-8"?>
2<manifest xmlns:android="http://schemas.android.com/apk/res/android"
3    package="com.example.you_tube_clone"
4    android:versionCode="1"
5    android:versionName="1.0.0" >
6
7    <uses-sdk
8        android:minSdkVersion="17"
8-->src/main/AndroidManifest.xml
9        android:targetSdkVersion="31" />
9-->src/main/AndroidManifest.xml
10
11    <queries>
11-->[:flutter_inappwebview] AndroidManifest.xml:9:5-13:15
12        <intent>
12-->[:flutter_inappwebview] AndroidManifest.xml:10:9-12:18
13            <action android:name="android.support.customtabs.action.CustomTabsService" />
13-->[:flutter_inappwebview] AndroidManifest.xml:11:13-90
13-->[:flutter_inappwebview] AndroidManifest.xml:11:21-87
14        </intent>
15    </queries>
16
17    <application
18        android:name="android.app.Application"
18-->src/main/AndroidManifest.xml:5:9-42
19        android:appComponentFactory="androidx.core.app.CoreComponentFactory"
19-->[androidx.core:core:1.8.0] AndroidManifest.xml:24:18-86
20        android:icon="@mipmap/ic_launcher"
20-->src/main/AndroidManifest.xml:6:9-43
21        android:label="you_tube_clone" >
21-->src/main/AndroidManifest.xml:4:9-39
22        <activity
22-->src/main/AndroidManifest.xml:7:9-27:20
23            android:name="com.example.you_tube_clone.MainActivity"
23-->src/main/AndroidManifest.xml:8:13-41
24            android:configChanges="orientation|keyboardHidden|keyboard|screenSize|smallestScreenSize|locale|layoutDirection|fontScale|screenLayout|density|uiMode"
24-->src/main/AndroidManifest.xml:12:13-163
25            android:exported="true"
25-->src/main/AndroidManifest.xml:9:13-36
26            android:hardwareAccelerated="true"
26-->src/main/AndroidManifest.xml:13:13-47
27            android:launchMode="singleTop"
27-->src/main/AndroidManifest.xml:10:13-43
28            android:theme="@style/LaunchTheme"
28-->src/main/AndroidManifest.xml:11:13-47
29            android:windowSoftInputMode="adjustResize" >
29-->src/main/AndroidManifest.xml:14:13-55
30
31            <!--
32                 Specifies an Android theme to apply to this Activity as soon as
33                 the Android process has started. This theme is visible to the user
34                 while the Flutter UI initializes. After that, this theme continues
35                 to determine the Window background behind the Flutter UI.
36            -->
37            <meta-data
37-->src/main/AndroidManifest.xml:19:13-22:17
38                android:name="io.flutter.embedding.android.NormalTheme"
38-->src/main/AndroidManifest.xml:20:15-70
39                android:resource="@style/NormalTheme" />
39-->src/main/AndroidManifest.xml:21:15-52
40
41            <intent-filter>
41-->src/main/AndroidManifest.xml:23:13-26:29
42                <action android:name="android.intent.action.MAIN" />
42-->src/main/AndroidManifest.xml:24:17-68
42-->src/main/AndroidManifest.xml:24:25-66
43
44                <category android:name="android.intent.category.LAUNCHER" />
44-->src/main/AndroidManifest.xml:25:17-76
44-->src/main/AndroidManifest.xml:25:27-74
45            </intent-filter>
46        </activity>
47        <!--
48             Don't delete the meta-data below.
49             This is used by the Flutter tool to generate GeneratedPluginRegistrant.java
50        -->
51        <meta-data
51-->src/main/AndroidManifest.xml:30:9-32:33
52            android:name="flutterEmbedding"
52-->src/main/AndroidManifest.xml:31:13-44
53            android:value="2" />
53-->src/main/AndroidManifest.xml:32:13-30
54
55        <activity
55-->[:flutter_inappwebview] AndroidManifest.xml:16:9-20:47
56            android:name="com.pichillilorenzo.flutter_inappwebview.in_app_browser.InAppBrowserActivity"
56-->[:flutter_inappwebview] AndroidManifest.xml:17:13-104
57            android:configChanges="orientation|keyboardHidden|keyboard|screenSize|locale|layoutDirection|fontScale|screenLayout|density"
57-->[:flutter_inappwebview] AndroidManifest.xml:18:13-137
58            android:exported="false"
58-->[:flutter_inappwebview] AndroidManifest.xml:19:13-37
59            android:theme="@style/AppTheme" />
59-->[:flutter_inappwebview] AndroidManifest.xml:20:13-44
60        <activity
60-->[:flutter_inappwebview] AndroidManifest.xml:21:9-24:55
61            android:name="com.pichillilorenzo.flutter_inappwebview.chrome_custom_tabs.ChromeCustomTabsActivity"
61-->[:flutter_inappwebview] AndroidManifest.xml:22:13-112
62            android:exported="false"
62-->[:flutter_inappwebview] AndroidManifest.xml:23:13-37
63            android:theme="@style/ThemeTransparent" />
63-->[:flutter_inappwebview] AndroidManifest.xml:24:13-52
64        <activity
64-->[:flutter_inappwebview] AndroidManifest.xml:25:9-28:55
65            android:name="com.pichillilorenzo.flutter_inappwebview.chrome_custom_tabs.TrustedWebActivity"
65-->[:flutter_inappwebview] AndroidManifest.xml:26:13-106
66            android:exported="false"
66-->[:flutter_inappwebview] AndroidManifest.xml:27:13-37
67            android:theme="@style/ThemeTransparent" />
67-->[:flutter_inappwebview] AndroidManifest.xml:28:13-52
68        <activity
68-->[:flutter_inappwebview] AndroidManifest.xml:29:9-33:55
69            android:name="com.pichillilorenzo.flutter_inappwebview.chrome_custom_tabs.ChromeCustomTabsActivitySingleInstance"
69-->[:flutter_inappwebview] AndroidManifest.xml:30:13-126
70            android:exported="false"
70-->[:flutter_inappwebview] AndroidManifest.xml:31:13-37
71            android:launchMode="singleInstance"
71-->[:flutter_inappwebview] AndroidManifest.xml:32:13-48
72            android:theme="@style/ThemeTransparent" />
72-->[:flutter_inappwebview] AndroidManifest.xml:33:13-52
73        <activity
73-->[:flutter_inappwebview] AndroidManifest.xml:34:9-38:55
74            android:name="com.pichillilorenzo.flutter_inappwebview.chrome_custom_tabs.TrustedWebActivitySingleInstance"
74-->[:flutter_inappwebview] AndroidManifest.xml:35:13-120
75            android:exported="false"
75-->[:flutter_inappwebview] AndroidManifest.xml:36:13-37
76            android:launchMode="singleInstance"
76-->[:flutter_inappwebview] AndroidManifest.xml:37:13-48
77            android:theme="@style/ThemeTransparent" />
77-->[:flutter_inappwebview] AndroidManifest.xml:38:13-52
78
79        <receiver
79-->[:flutter_inappwebview] AndroidManifest.xml:40:9-43:40
80            android:name="com.pichillilorenzo.flutter_inappwebview.chrome_custom_tabs.ActionBroadcastReceiver"
80-->[:flutter_inappwebview] AndroidManifest.xml:41:13-111
81            android:enabled="true"
81-->[:flutter_inappwebview] AndroidManifest.xml:42:13-35
82            android:exported="false" />
82-->[:flutter_inappwebview] AndroidManifest.xml:43:13-37
83
84        <meta-data
84-->[:flutter_inappwebview] AndroidManifest.xml:45:9-47:36
85            android:name="io.flutter.embedded_views_preview"
85-->[:flutter_inappwebview] AndroidManifest.xml:46:13-61
86            android:value="true" />
86-->[:flutter_inappwebview] AndroidManifest.xml:47:13-33
87
88        <uses-library
88-->[androidx.window:window:1.0.0-beta04] AndroidManifest.xml:25:9-27:40
89            android:name="androidx.window.extensions"
89-->[androidx.window:window:1.0.0-beta04] AndroidManifest.xml:26:13-54
90            android:required="false" />
90-->[androidx.window:window:1.0.0-beta04] AndroidManifest.xml:27:13-37
91        <uses-library
91-->[androidx.window:window:1.0.0-beta04] AndroidManifest.xml:28:9-30:40
92            android:name="androidx.window.sidecar"
92-->[androidx.window:window:1.0.0-beta04] AndroidManifest.xml:29:13-51
93            android:required="false" />
93-->[androidx.window:window:1.0.0-beta04] AndroidManifest.xml:30:13-37
94
95        <provider
95-->[androidx.emoji2:emoji2:1.2.0] AndroidManifest.xml:24:9-32:20
96            android:name="androidx.startup.InitializationProvider"
96-->[androidx.emoji2:emoji2:1.2.0] AndroidManifest.xml:25:13-67
97            android:authorities="com.example.you_tube_clone.androidx-startup"
97-->[androidx.emoji2:emoji2:1.2.0] AndroidManifest.xml:26:13-68
98            android:exported="false" >
98-->[androidx.emoji2:emoji2:1.2.0] AndroidManifest.xml:27:13-37
99            <meta-data
99-->[androidx.emoji2:emoji2:1.2.0] AndroidManifest.xml:29:13-31:52
100                android:name="androidx.emoji2.text.EmojiCompatInitializer"
100-->[androidx.emoji2:emoji2:1.2.0] AndroidManifest.xml:30:17-75
101                android:value="androidx.startup" />
101-->[androidx.emoji2:emoji2:1.2.0] AndroidManifest.xml:31:17-49
102            <meta-data
102-->[androidx.lifecycle:lifecycle-process:2.4.1] AndroidManifest.xml:31:13-33:52
103                android:name="androidx.lifecycle.ProcessLifecycleInitializer"
103-->[androidx.lifecycle:lifecycle-process:2.4.1] AndroidManifest.xml:32:17-78
104                android:value="androidx.startup" />
104-->[androidx.lifecycle:lifecycle-process:2.4.1] AndroidManifest.xml:33:17-49
105        </provider>
106    </application>
107
108</manifest>